[2021-12-27T15:09:52.273Z] info: Beginning to monitor UniswapV2Factory
[2021-12-27T15:10:44.870Z] info: Beginning to monitor UniswapV2Factory
[2021-12-27T15:13:17.819Z] info: Beginning to monitor UniswapV2Factory
[2021-12-27T15:13:36.041Z] info: Beginning to monitor UniswapV2Factory
[2021-12-27T15:17:50.558Z] info: Beginning to monitor UniswapV2Factory
[2021-12-27T15:19:13.987Z] info: Beginning to monitor UniswapV2Factory
[2021-12-27T15:24:29.671Z] info: Beginning to monitor UniswapV2Factory
[2021-12-27T15:26:05.689Z] info: Beginning to monitor UniswapV2Factory
[2021-12-27T15:26:43.872Z] info: Beginning to monitor UniswapV2Factory
[2021-12-28T03:46:09.681Z] info: Beginning to monitor UniswapV2Factory
[2021-12-28T03:46:59.761Z] info: Beginning to monitor UniswapV2Factory
[2021-12-28T03:47:52.947Z] info: Beginning to monitor UniswapV2Factory
[2021-12-28T03:48:34.084Z] info: Beginning to monitor UniswapV2Factory
[2021-12-28T03:55:40.316Z] info: Beginning to monitor UniswapV2Factory
[2021-12-28T03:56:08.878Z] info: Beginning to monitor UniswapV2Factory
[2021-12-28T03:56:28.748Z] info: Beginning to monitor UniswapV2Factory
[2021-12-28T03:56:55.179Z] info: Beginning to monitor UniswapV2Factory
[2021-12-28T03:59:18.167Z] info: Beginning to monitor UniswapV2Factory
[2021-12-28T03:59:33.283Z] info: Beginning to monitor UniswapV2Factory
[2021-12-28T04:00:29.142Z] info: Beginning to monitor UniswapV2Factory
[2021-12-28T04:01:07.891Z] info: Beginning to monitor UniswapV2Factory
[2021-12-28T04:02:24.891Z] info: Beginning to monitor UniswapV2Factory
[2021-12-28T04:09:43.115Z] info: Beginning to monitor UniswapV2Factory
[2021-12-28T04:32:50.562Z] info: Beginning to monitor UniswapV2Factory
[2021-12-28T04:34:27.119Z] info: Beginning to monitor UniswapV2Factory
[2021-12-28T05:02:08.534Z] info: Beginning to monitor UniswapV2Factory
[2021-12-28T05:02:42.459Z] info: Beginning to monitor UniswapV2Factory
[2021-12-28T07:09:11.220Z] info: Beginning to monitor UniswapV2Factory
[2021-12-28T07:23:48.881Z] info: Beginning to monitor UniswapV2Factory
[2021-12-28T07:35:56.061Z] info: Yo dude, ssup!
[2021-12-28T07:35:56.065Z] info: New pair: 0xC02aaA39b223FE8D0A0e5C4F27eAD9083C756Cc2, 0xD1AaF33FE73939987795E4F50E4256Da4Ef8fe46, 0xa004ce0fe3192738E8c9f13Fe8De6c971df2BC8A
[2021-12-28T07:40:13.457Z] info: Beginning to monitor UniswapV2Factory
[2021-12-28T07:48:47.555Z] info: Yo dude, ssup!
[2021-12-28T07:48:47.555Z] info: New pair: 0xC02aaA39b223FE8D0A0e5C4F27eAD9083C756Cc2, 0xD900F8a3D6d1d231fcFABde326c9D8c9380e89d3, 0x72bcE997a268766D0a7c6C8D7607Be4ed4673B3D
[2021-12-28T07:49:47.423Z] info: Beginning to monitor UniswapV2Factory
[2021-12-28T08:14:45.009Z] info: Yo dude, ssup!
[2021-12-28T08:14:45.012Z] info: New pair: 0x7771A39BE097f8ef970C4FC495160eAac22492a9, 0xC02aaA39b223FE8D0A0e5C4F27eAD9083C756Cc2, 0x0a3c5550cD28A2A6671854ec5E4a7aF886E44B66
